<?xml version="1.0" encoding="UTF-8"?>
<testng-results ignored="0" total="3" passed="3" failed="0" skipped="0">
  <reporter-output>
  </reporter-output>
  <suite started-at="2022-09-03T11:41:21 WIB" name="Default suite" finished-at="2022-09-03T11:41:21 WIB" duration-ms="76">
    <groups>
    </groups>
    <test started-at="2022-09-03T11:41:21 WIB" name="Default test" finished-at="2022-09-03T11:41:21 WIB" duration-ms="76">
      <class name="GeometriTest">
        <test-method is-config="true" signature="instance()[pri:0, instance:GeometriTest@4d465b11]" started-at="2022-09-03T11:41:21 WIB" name="instance" finished-at="2022-09-03T11:41:21 WIB" duration-ms="11" status="PASS">
          <reporter-output>
          </reporter-output>
        </test-method> <!-- instance -->
        <test-method signature="luasPersegiTest()[pri:0, instance:GeometriTest@4d465b11]" started-at="2022-09-03T11:41:21 WIB" name="luasPersegiTest" finished-at="2022-09-03T11:41:21 WIB" duration-ms="10" status="PASS">
          <reporter-output>
          </reporter-output>
        </test-method> <!-- luasPersegiTest -->
        <test-method signature="luasSegitigaTest()[pri:0, instance:GeometriTest@4d465b11]" started-at="2022-09-03T11:41:21 WIB" name="luasSegitigaTest" finished-at="2022-09-03T11:41:21 WIB" duration-ms="5" status="PASS">
          <reporter-output>
          </reporter-output>
        </test-method> <!-- luasSegitigaTest -->
        <test-method signature="luasTrapesiumTest()[pri:0, instance:GeometriTest@4d465b11]" started-at="2022-09-03T11:41:21 WIB" name="luasTrapesiumTest" finished-at="2022-09-03T11:41:21 WIB" duration-ms="3" status="PASS">
          <reporter-output>
          </reporter-output>
        </test-method> <!-- luasTrapesiumTest -->
        <test-method is-config="true" signature="aftTest()[pri:0, instance:GeometriTest@4d465b11]" started-at="2022-09-03T11:41:21 WIB" name="aftTest" finished-at="2022-09-03T11:41:21 WIB" duration-ms="0" status="PASS">
          <reporter-output>
          </reporter-output>
        </test-method> <!-- aftTest -->
      </class> <!-- GeometriTest -->
    </test> <!-- Default test -->
  </suite> <!-- Default suite -->
</testng-results>
