<?xml version="1.0" encoding="UTF-8"?>
<!-- Generated by org.testng.reporters.JUnitXMLReporter -->
<testsuite ignored="0" hostname="DESKTOP-RFC9575" failures="0" tests="3" name="Default test" time="0.076" errors="0" timestamp="2022-09-03T11:41:21 WIB">
  <testcase classname="GeometriTest" name="luasPersegiTest" time="0.01"/>
  <testcase classname="GeometriTest" name="luasSegitigaTest" time="0.005"/>
  <testcase classname="GeometriTest" name="luasTrapesiumTest" time="0.003"/>
</testsuite> <!-- Default test -->
